<?xml version="1.0" encoding="UTF-8"?>
<!-- Generated by org.testng.reporters.JUnitReportReporter -->
<testsuite hostname="LAPTOP-ROTMC3G5" failures="0" tests="4" name="com.controller.BaseTest" time="42.525" errors="0" timestamp="2021-05-02T17:30:53 BST" skipped="0">
  <testcase classname="com.controller.BaseTest" name="verifyHoverTestCase" time="9.501"/>
  <system-out/>
  <testcase classname="com.controller.BaseTest" name="fillFormTestCase" time="13.604"/>
  <system-out/>
  <testcase classname="com.controller.BaseTest" name="verifyDragAndDrop" time="5.969"/>
  <system-out/>
  <testcase classname="com.controller.BaseTest" name="verifyAlerts" time="13.451"/>
  <system-out/>
</testsuite> <!-- com.controller.BaseTest -->
