<?xml version="1.0" encoding="UTF-8"?>
<!-- Generated by org.testng.reporters.JUnitReportReporter -->
<testsuite hostname="LAPTOP-ROTMC3G5" failures="0" tests="4" name="com.controller.BaseTest" time="33.543" errors="0" timestamp="2021-05-01T23:55:21 BST" skipped="0">
  <testcase classname="com.controller.BaseTest" name="fillFormTestCase" time="8.847"/>
  <system-out/>
  <testcase classname="com.controller.BaseTest" name="verifyAlerts" time="11.171"/>
  <system-out/>
  <testcase classname="com.controller.BaseTest" name="verifyDragAndDrop" time="4.851"/>
  <system-out/>
  <testcase classname="com.controller.BaseTest" name="verifyHoverTestCase" time="8.674"/>
  <system-out/>
</testsuite> <!-- com.controller.BaseTest -->
