<?xml version="1.0" encoding="UTF-8"?>
<!-- Generated by org.testng.reporters.JUnitReportReporter -->
<testsuite hostname="LAPTOP-ROTMC3G5" failures="0" tests="4" name="com.controller.BaseTest" time="32.505" errors="0" timestamp="2021-05-02T15:36:53 BST" skipped="0">
  <testcase classname="com.controller.BaseTest" name="verifyHoverTestCase" time="9.527"/>
  <system-out/>
  <testcase classname="com.controller.BaseTest" name="fillFormTestCase" time="8.709"/>
  <system-out/>
  <testcase classname="com.controller.BaseTest" name="verifyAlerts" time="9.641"/>
  <system-out/>
  <testcase classname="com.controller.BaseTest" name="verifyDragAndDrop" time="4.628"/>
  <system-out/>
</testsuite> <!-- com.controller.BaseTest -->
